<?xml version="1.0" encoding="UTF-8"?>
<!-- Generated by org.testng.reporters.JUnitXMLReporter -->
<testsuite hostname="XE-GGN-IT-01362" ignored="2" name="Default test" tests="1" failures="0" timestamp="2021-07-07T12:21:56 IST" time="0.107" errors="0">
  <testcase name="listToArray" time="0.015" classname="TestScript.PracticeTest"/>
  <testcase name="mapTest" time="0.0" classname="TestScript.PracticeTest">
    <ignored/>
  </testcase> <!-- mapTest -->
  <testcase name="cokkiesTest" time="0.0" classname="TestScript.PracticeTest">
    <ignored/>
  </testcase> <!-- cokkiesTest -->
</testsuite> <!-- Default test -->
