<?xml version="1.0" encoding="UTF-8"?>
<testng-results skipped="0" failed="0" ignored="2" total="3" passed="1">
  <reporter-output>
  </reporter-output>
  <suite name="Default suite" duration-ms="107" started-at="2021-07-07T12:21:56 IST" finished-at="2021-07-07T12:21:56 IST">
    <groups>
    </groups>
    <test name="Default test" duration-ms="107" started-at="2021-07-07T12:21:56 IST" finished-at="2021-07-07T12:21:56 IST">
      <class name="TestScript.PracticeTest">
        <test-method status="PASS" signature="listToArray()[pri:0, instance:TestScript.PracticeTest@34cd072c]" name="listToArray" duration-ms="15" started-at="2021-07-07T12:21:56 IST" finished-at="2021-07-07T12:21:56 IST">
          <reporter-output>
          </reporter-output>
        </test-method> <!-- listToArray -->
      </class> <!-- TestScript.PracticeTest -->
    </test> <!-- Default test -->
  </suite> <!-- Default suite -->
</testng-results>
